

a1815fe028ea9a1d944438017b8d3407
('22001', '[22001] [Microsoft][ODBC Driver 17 for SQL Server][SQL Server]String or binary data would be truncated. (8152) (SQLExecDirectW)')
{'lastname': 'ramirez', 'email': 'ehubojij-3500@yopmail.com', 'name': 'Juan antonio', 'password': '123456'}
66da5a20eac2998500eeddd798260427
('22001', '[22001] [Microsoft][ODBC Driver 17 for SQL Server][SQL Server]String or binary data would be truncated. (8152) (SQLExecDirectW)')
{'lastname': 'ramirez', 'email': 'ehubojij-3500@yopmail.com', 'name': 'Juan antonio', 'password': '123456'}
66a2417593d4118ce3b07d96dfe8ae9d
('22001', '[22001] [Microsoft][ODBC Driver 17 for SQL Server][SQL Server]String or binary data would be truncated. (8152) (SQLExecDirectW)')
{'lastname': 'ramirez', 'email': 'ehubojij-3500@yopmail.com', 'name': 'Juan antonio', 'password': '123456'}
edcc3dea7d30c5d01a3a60a4438ca749
('22001', '[22001] [Microsoft][ODBC Driver 17 for SQL Server][SQL Server]String or binary data would be truncated. (8152) (SQLExecDirectW)')
{'lastname': 'ramirez', 'email': 'ehubojij-3500@yopmail.com', 'name': 'Juan antonio', 'password': '123456'}
47610ea08a0c0f5ae40dbfa4cc931752
('22001', '[22001] [Microsoft][ODBC Driver 17 for SQL Server][SQL Server]String or binary data would be truncated. (8152) (SQLExecDirectW)')
{'lastname': 'ramirez', 'email': 'ehubojij-3500@yopmail.com', 'name': 'Juan antonio', 'password': '123456'}
b78ec1b1ff2cdea029585acda176a16c
('22001', '[22001] [Microsoft][ODBC Driver 17 for SQL Server][SQL Server]String or binary data would be truncated. (8152) (SQLExecDirectW)')
{'lastname': 'ramirez', 'email': 'ehubojij-3500@yopmail.com', 'name': 'Juan antonio', 'password': '123456'}
ebad9393f7da7ce9912ef674a4f5af4c
('22001', '[22001] [Microsoft][ODBC Driver 17 for SQL Server][SQL Server]String or binary data would be truncated. (8152) (SQLExecDirectW)')
{'lastname': 'ramirez', 'email': 'ehubojij-3500@yopmail.com', 'name': 'Juan antonio', 'password': '123456'}
2deac1691c4b759bfa497c1d8759d81a
('22001', '[22001] [Microsoft][ODBC Driver 17 for SQL Server][SQL Server]String or binary data would be truncated. (8152) (SQLExecDirectW)')
{'lastname': 'ramirez', 'email': 'ehubojij-3500@yopmail.com', 'name': 'Juan antonio', 'password': '123456'}
e7395e67f7d8b357a3b8847f5cfe4ad0
('22001', '[22001] [Microsoft][ODBC Driver 17 for SQL Server][SQL Server]String or binary data would be truncated. (8152) (SQLExecDirectW)')
{'lastname': 'ramirez', 'email': 'ehubojij-3500@yopmail.com', 'name': 'juan antonio', 'password': '123456'}
8101cd20274e605faa2088e2abe37678
('22001', '[22001] [Microsoft][ODBC Driver 17 for SQL Server][SQL Server]String or binary data would be truncated. (8152) (SQLExecDirectW)')
{'lastname': 'ramirez', 'email': 'ehubojij-3500@yopmail.com', 'name': 'juan antonio', 'password': '123456'}
74e81336042951fc4dd51235a561dc76
('22001', '[22001] [Microsoft][ODBC Driver 17 for SQL Server][SQL Server]String or binary data would be truncated. (8152) (SQLExecDirectW)')
{'lastname': 'ramirez', 'email': 'ehubojij-3500@yopmail.com', 'name': 'juan antonio', 'password': '123456'}
3e085cf23de2782e979d2e07b66adb52
('22001', '[22001] [Microsoft][ODBC Driver 17 for SQL Server][SQL Server]String or binary data would be truncated. (8152) (SQLExecDirectW)')
{'lastname': 'lastname', ' password': '12445', ' email ': 'jgasd', 'name': 'nombre'}
{'lastname': 'lastname', ' password': '12445', ' email ': 'jgasd', 'name': 'nombre'}
{'lastname': 'lastname', ' password': '12445', ' email ': 'jgasd', 'name': 'nombre'}
{'lastname': 'lastname', ' password': '12445', ' email ': 'jgasd', 'name': 'nombre'}
{'lastname': 'dasdasd', 'email': 'asdaid@adsfastfd.com', 'name': 'asdasd', 'password': 'asdadsasd'}
07e99545a5e7c4cde6da198983dc17cd
<Response 701 bytes [200 OK]>
db96bd4caf8774244a01743f121a2585
<Response 697 bytes [200 OK]>
2a5738accab5cf9033f089c09b0e486c
<Response 726 bytes [200 OK]>
506ebb070dc52b9bce70b16a579cc239
('22001', '[22001] [Microsoft][ODBC Driver 17 for SQL Server][SQL Server]String or binary data would be truncated. (8152) (SQLExecDirectW)')
c0a37c93536eed628042f8e65bbe1581
('22001', '[22001] [Microsoft][ODBC Driver 17 for SQL Server][SQL Server]String or binary data would be truncated. (8152) (SQLExecDirectW)')
0d86b4a85c82db49418097de0b98b717
('22001', '[22001] [Microsoft][ODBC Driver 17 for SQL Server][SQL Server]String or binary data would be truncated. (8152) (SQLExecDirectW)')
7beb78f5eb54edc953e8155e928fd345
('22001', '[22001] [Microsoft][ODBC Driver 17 for SQL Server][SQL Server]String or binary data would be truncated. (8152) (SQLExecDirectW)')
3dfd5995657bbd2eb223a72b542638b8
('22001', '[22001] [Microsoft][ODBC Driver 17 for SQL Server][SQL Server]String or binary data would be truncated. (8152) (SQLExecDirectW)')
ea899cff3a9075505ea3f59570a64ac8
('22001', '[22001] [Microsoft][ODBC Driver 17 for SQL Server][SQL Server]String or binary data would be truncated. (8152) (SQLExecDirectW)')
787e79ae86ddb5d8f02c793fc97cf795
('22001', '[22001] [Microsoft][ODBC Driver 17 for SQL Server][SQL Server]String or binary data would be truncated. (8152) (SQLExecDirectW)')
34a10089b63b3a4f2b0b8c7657e3e126
('22001', '[22001] [Microsoft][ODBC Driver 17 for SQL Server][SQL Server]String or binary data would be truncated. (8152) (SQLExecDirectW)')
c1a9e25031689300128cf7906f4b8a46
('22001', '[22001] [Microsoft][ODBC Driver 17 for SQL Server][SQL Server]String or binary data would be truncated. (8152) (SQLExecDirectW)')
6f002cdf4af9c0243494195c72d6934d
('22001', '[22001] [Microsoft][ODBC Driver 17 for SQL Server][SQL Server]String or binary data would be truncated. (8152) (SQLExecDirectW)')
5b8c26dd1b1fba509ddd4ecdb31acc1c
('22001', '[22001] [Microsoft][ODBC Driver 17 for SQL Server][SQL Server]String or binary data would be truncated. (8152) (SQLExecDirectW)')
8ace5ffa74f833982510b4e5430ad924
('22001', '[22001] [Microsoft][ODBC Driver 17 for SQL Server][SQL Server]String or binary data would be truncated. (8152) (SQLExecDirectW)')
17c76bb306c16849a75801905c077015
('22001', '[22001] [Microsoft][ODBC Driver 17 for SQL Server][SQL Server]String or binary data would be truncated. (8152) (SQLExecDirectW)')
a1d02d4e04a32ee4d2ecec3d4e6893fa
('22001', '[22001] [Microsoft][ODBC Driver 17 for SQL Server][SQL Server]String or binary data would be truncated. (8152) (SQLExecDirectW)')
584e2eb8f46474d0da516f77d8b02d71
('22001', '[22001] [Microsoft][ODBC Driver 17 for SQL Server][SQL Server]String or binary data would be truncated. (8152) (SQLExecDirectW)')
ebe61e8172d5828c991564a22cb393f5
('22001', '[22001] [Microsoft][ODBC Driver 17 for SQL Server][SQL Server]String or binary data would be truncated. (8152) (SQLExecDirectW)')
1d6b64a607ba0328f52804ef2b3f1c90
('22001', '[22001] [Microsoft][ODBC Driver 17 for SQL Server][SQL Server]String or binary data would be truncated. (8152) (SQLExecDirectW)')
2dd5d895db2ed9b923711064611674cc
('22001', '[22001] [Microsoft][ODBC Driver 17 for SQL Server][SQL Server]String or binary data would be truncated. (8152) (SQLExecDirectW)')
566e5d28a7ff9a7390166140ca3cec94
('22001', '[22001] [Microsoft][ODBC Driver 17 for SQL Server][SQL Server]String or binary data would be truncated. (8152) (SQLExecDirectW)')
a4d40bdb4fbb1411556c919f4fa5c8e7
('22001', '[22001] [Microsoft][ODBC Driver 17 for SQL Server][SQL Server]String or binary data would be truncated. (8152) (SQLExecDirectW)')
0a79bec92bf1164b8f17aa135668801b
('22001', '[22001] [Microsoft][ODBC Driver 17 for SQL Server][SQL Server]String or binary data would be truncated. (8152) (SQLExecDirectW)')
98960ad77adabfcb4075b14c975261ea
('22001', '[22001] [Microsoft][ODBC Driver 17 for SQL Server][SQL Server]String or binary data would be truncated. (8152) (SQLExecDirectW)')
91d2af12491acfa197429d0451166b48
('22001', '[22001] [Microsoft][ODBC Driver 17 for SQL Server][SQL Server]String or binary data would be truncated. (8152) (SQLExecDirectW)')
cfbb8cdda9f4d32eaa168fc9a3a28c65
('22001', '[22001] [Microsoft][ODBC Driver 17 for SQL Server][SQL Server]String or binary data would be truncated. (8152) (SQLExecDirectW)')
999f82543c9a18395e05bb0c988688f9
('22001', '[22001] [Microsoft][ODBC Driver 17 for SQL Server][SQL Server]String or binary data would be truncated. (8152) (SQLExecDirectW)')
84a80f01140066f83be598440471bddc
('22001', '[22001] [Microsoft][ODBC Driver 17 for SQL Server][SQL Server]String or binary data would be truncated. (8152) (SQLExecDirectW)')
7ca14b6c591f70511938b58d555273e4
('22001', '[22001] [Microsoft][ODBC Driver 17 for SQL Server][SQL Server]String or binary data would be truncated. (8152) (SQLExecDirectW)')
bd842be014df36b6c4c609041f99c612
('22001', '[22001] [Microsoft][ODBC Driver 17 for SQL Server][SQL Server]String or binary data would be truncated. (8152) (SQLExecDirectW)')
5432853c6d5a39c899faf21f8663c5ac
('22001', '[22001] [Microsoft][ODBC Driver 17 for SQL Server][SQL Server]String or binary data would be truncated. (8152) (SQLExecDirectW)')
efe323ca457c68bfcf2c917a84042236
('22001', '[22001] [Microsoft][ODBC Driver 17 for SQL Server][SQL Server]String or binary data would be truncated. (8152) (SQLExecDirectW)')
964982d67cb819f0e31178afd161223d
('22001', '[22001] [Microsoft][ODBC Driver 17 for SQL Server][SQL Server]String or binary data would be truncated. (8152) (SQLExecDirectW)')
c34849b5e1cf5ec482418e42ad3d1873
('22001', '[22001] [Microsoft][ODBC Driver 17 for SQL Server][SQL Server]String or binary data would be truncated. (8152) (SQLExecDirectW)')
50274f402044093a409869118f41205b
('22001', '[22001] [Microsoft][ODBC Driver 17 for SQL Server][SQL Server]String or binary data would be truncated. (8152) (SQLExecDirectW)')
76f48f8f2ef38288d734519a713867cf
('22001', '[22001] [Microsoft][ODBC Driver 17 for SQL Server][SQL Server]String or binary data would be truncated. (8152) (SQLExecDirectW)')
44fa609b9a545fa9b2159de45bd255f8
('22001', '[22001] [Microsoft][ODBC Driver 17 for SQL Server][SQL Server]String or binary data would be truncated. (8152) (SQLExecDirectW)')
907ff7d59e999726d65238305351daaf
('22001', '[22001] [Microsoft][ODBC Driver 17 for SQL Server][SQL Server]String or binary data would be truncated. (8152) (SQLExecDirectW)')
aee771dda81ed8a9aea8964f24adf8f9
('22001', '[22001] [Microsoft][ODBC Driver 17 for SQL Server][SQL Server]String or binary data would be truncated. (8152) (SQLExecDirectW)')
d0f12fd3bd67d8f3c4ca7fbd0b7e42d8
('22001', '[22001] [Microsoft][ODBC Driver 17 for SQL Server][SQL Server]String or binary data would be truncated. (8152) (SQLExecDirectW)')
8d22ab32246b0da3e922a295bf4f80d9
<Response 726 bytes [200 OK]>
3cc8c2205ff54f0a5efce5f9f9fb0288
('22001', '[22001] [Microsoft][ODBC Driver 17 for SQL Server][SQL Server]String or binary data would be truncated. (8152) (SQLExecDirectW)')
8b490a5f6a805793d1b054c7a4abc643
('22001', '[22001] [Microsoft][ODBC Driver 17 for SQL Server][SQL Server]String or binary data would be truncated. (8152) (SQLExecDirectW)')
cb84b32bb6626f68bddd53cf4910be19
<Response 719 bytes [200 OK]>
a1df2635ba977692baa4de123466be2c
<Response 712 bytes [200 OK]>
c32c05a4e7815f23a78c0b47540ca190
<Response 682 bytes [200 OK]>
35943396ea545171a00193f2cc6cf573
<Response 668 bytes [200 OK]>
dd6ee250c1ebd7c7cdec1b8b97c393f2
<Response 671 bytes [200 OK]>
7d9fbfadd7f277ae7b882e7875a6fed9
<Response 668 bytes [200 OK]>
1f96d3caabb36d76aad25d8a89289042
('22001', '[22001] [Microsoft][ODBC Driver 17 for SQL Server][SQL Server]String or binary data would be truncated. (8152) (SQLExecDirectW)')
3617ed97d8113e55d5dcd73d02a2b6c8
('22001', '[22001] [Microsoft][ODBC Driver 17 for SQL Server][SQL Server]String or binary data would be truncated. (8152) (SQLExecDirectW)')
8ef79c850420c72badf7b16b138da72f
('22001', '[22001] [Microsoft][ODBC Driver 17 for SQL Server][SQL Server]String or binary data would be truncated. (8152) (SQLExecDirectW)')
b0d3d8ccc8dec3aaee68f729a7a6501d
('22001', '[22001] [Microsoft][ODBC Driver 17 for SQL Server][SQL Server]String or binary data would be truncated. (8152) (SQLExecDirectW)')
4cd9083cb7a6a806d4311cff69a8ffae
('22001', '[22001] [Microsoft][ODBC Driver 17 for SQL Server][SQL Server]String or binary data would be truncated. (8152) (SQLExecDirectW)')
8b6b29849b5f2506094f83d2d266927a
('22001', '[22001] [Microsoft][ODBC Driver 17 for SQL Server][SQL Server]String or binary data would be truncated. (8152) (SQLExecDirectW)')
4949bb4a9080664ba060ee1db76c0517
('22001', '[22001] [Microsoft][ODBC Driver 17 for SQL Server][SQL Server]String or binary data would be truncated. (8152) (SQLExecDirectW)')
0b89add5a157f8e078c25a400fb3b03a
('22001', '[22001] [Microsoft][ODBC Driver 17 for SQL Server][SQL Server]String or binary data would be truncated. (8152) (SQLExecDirectW)')
686dbdd900953d07264479906d2bd5a7
('22001', '[22001] [Microsoft][ODBC Driver 17 for SQL Server][SQL Server]String or binary data would be truncated. (8152) (SQLExecDirectW)')
c5c69b356d8532084b9f98ac9d5aa218
('22001', '[22001] [Microsoft][ODBC Driver 17 for SQL Server][SQL Server]String or binary data would be truncated. (8152) (SQLExecDirectW)')
5c4e5717c1ba0080a25dbcdcbd49c62f
('22001', '[22001] [Microsoft][ODBC Driver 17 for SQL Server][SQL Server]String or binary data would be truncated. (8152) (SQLExecDirectW)')
30d7c864a833e3aa84e344639c982b95
('22001', '[22001] [Microsoft][ODBC Driver 17 for SQL Server][SQL Server]String or binary data would be truncated. (8152) (SQLExecDirectW)')
ec3ef837b35ae7888d1b61dda17597b4
('22001', '[22001] [Microsoft][ODBC Driver 17 for SQL Server][SQL Server]String or binary data would be truncated. (8152) (SQLExecDirectW)')
df14c731e73ebdb9de192f1f6676a910
('22001', '[22001] [Microsoft][ODBC Driver 17 for SQL Server][SQL Server]String or binary data would be truncated. (8152) (SQLExecDirectW)')
7a00b4809d05af964021805e61df4a75
('22001', '[22001] [Microsoft][ODBC Driver 17 for SQL Server][SQL Server]String or binary data would be truncated. (8152) (SQLExecDirectW)')
c352c688aaadbaf36efbd0080c7c7921
('22001', '[22001] [Microsoft][ODBC Driver 17 for SQL Server][SQL Server]String or binary data would be truncated. (8152) (SQLExecDirectW)')
3c53de2f817f6d523e0d65f911710d81
('22001', '[22001] [Microsoft][ODBC Driver 17 for SQL Server][SQL Server]String or binary data would be truncated. (8152) (SQLExecDirectW)')
04055816cb02ab8d0c8c731d62b5667e
('22001', '[22001] [Microsoft][ODBC Driver 17 for SQL Server][SQL Server]String or binary data would be truncated. (8152) (SQLExecDirectW)')
6d3546e5e7ef71e47c849efb80d69f33
('22001', '[22001] [Microsoft][ODBC Driver 17 for SQL Server][SQL Server]String or binary data would be truncated. (8152) (SQLExecDirectW)')
a51e76326a01c8896c617cca7c069a7b
('22001', '[22001] [Microsoft][ODBC Driver 17 for SQL Server][SQL Server]String or binary data would be truncated. (8152) (SQLExecDirectW)')
9b36ba392c361827691b82110171d7e7
('22001', '[22001] [Microsoft][ODBC Driver 17 for SQL Server][SQL Server]String or binary data would be truncated. (8152) (SQLExecDirectW)')
e8b5ebfaaa905351a1478814c1008be0
('22001', '[22001] [Microsoft][ODBC Driver 17 for SQL Server][SQL Server]String or binary data would be truncated. (8152) (SQLExecDirectW)')
3b2a5e994d114d15e305ba004d6ac120
('22001', '[22001] [Microsoft][ODBC Driver 17 for SQL Server][SQL Server]String or binary data would be truncated. (8152) (SQLExecDirectW)')
5a377ffff79e6c5918b2aee81778798c
('22001', '[22001] [Microsoft][ODBC Driver 17 for SQL Server][SQL Server]String or binary data would be truncated. (8152) (SQLExecDirectW)')
4fae26f68dbc96be32502ac1b7539006
('22001', '[22001] [Microsoft][ODBC Driver 17 for SQL Server][SQL Server]String or binary data would be truncated. (8152) (SQLExecDirectW)')
b1c111700125d5cc7a9b4fd0c6040a2e
('22001', '[22001] [Microsoft][ODBC Driver 17 for SQL Server][SQL Server]String or binary data would be truncated. (8152) (SQLExecDirectW)')
30c06fccec3b10e2051e3ceae9468234
('22001', '[22001] [Microsoft][ODBC Driver 17 for SQL Server][SQL Server]String or binary data would be truncated. (8152) (SQLExecDirectW)')
b013066e51c0de07e0129f175fd5377d
<Response 723 bytes [200 OK]>
8a9bdc18d675ff643226c5f81a40f2fd
('22001', '[22001] [Microsoft][ODBC Driver 17 for SQL Server][SQL Server]String or binary data would be truncated. (8152) (SQLExecDirectW)')
bbdb65aaf47ab99fd5854135e33e60b3
('22001', '[22001] [Microsoft][ODBC Driver 17 for SQL Server][SQL Server]String or binary data would be truncated. (8152) (SQLExecDirectW)')
3561237c72b8ce87787e04b917b534d8
('22001', '[22001] [Microsoft][ODBC Driver 17 for SQL Server][SQL Server]String or binary data would be truncated. (8152) (SQLExecDirectW)')
b7db46bfece8a6ba14fbb79c72fae3df
('22001', '[22001] [Microsoft][ODBC Driver 17 for SQL Server][SQL Server]String or binary data would be truncated. (8152) (SQLExecDirectW)')
12e91a50415611933eeb3718918e0955
('22001', '[22001] [Microsoft][ODBC Driver 17 for SQL Server][SQL Server]String or binary data would be truncated. (8152) (SQLExecDirectW)')
dae88c1e4dca1dec1e469857c77ae563
('22001', '[22001] [Microsoft][ODBC Driver 17 for SQL Server][SQL Server]String or binary data would be truncated. (8152) (SQLExecDirectW)')
6c51d14f3a0cb5c3bbf5d156828d3fdd
('22001', '[22001] [Microsoft][ODBC Driver 17 for SQL Server][SQL Server]String or binary data would be truncated. (8152) (SQLExecDirectW)')
2d1da4db0ed9f9ccb3c399b4fb17825e
('22001', '[22001] [Microsoft][ODBC Driver 17 for SQL Server][SQL Server]String or binary data would be truncated. (8152) (SQLExecDirectW)')
71f89350a2530293359c047bbd4d8ea9
('22001', '[22001] [Microsoft][ODBC Driver 17 for SQL Server][SQL Server]String or binary data would be truncated. (8152) (SQLExecDirectW)')
8d6a9d3932acd3e16c1ffce45045763b
('22001', '[22001] [Microsoft][ODBC Driver 17 for SQL Server][SQL Server]String or binary data would be truncated. (8152) (SQLExecDirectW)')
6ff74cc03c7392d916e9379b4678e200
('22001', '[22001] [Microsoft][ODBC Driver 17 for SQL Server][SQL Server]String or binary data would be truncated. (8152) (SQLExecDirectW)')
677e769d5cb441ae0c693156824afea0
('22001', '[22001] [Microsoft][ODBC Driver 17 for SQL Server][SQL Server]String or binary data would be truncated. (8152) (SQLExecDirectW)')
cf7a316324d7ea1e83da2c6a5f77c35d
('22001', '[22001] [Microsoft][ODBC Driver 17 for SQL Server][SQL Server]String or binary data would be truncated. (8152) (SQLExecDirectW)')
ac95878ad529fe446d04d6d6c8be8bda
('22001', '[22001] [Microsoft][ODBC Driver 17 for SQL Server][SQL Server]String or binary data would be truncated. (8152) (SQLExecDirectW)')
c4e5a343a65a4e38c53c393ac7b03401
('22001', '[22001] [Microsoft][ODBC Driver 17 for SQL Server][SQL Server]String or binary data would be truncated. (8152) (SQLExecDirectW)')
26b995c40d6724b7ae1b7d3f1ca9e6d1
('22001', '[22001] [Microsoft][ODBC Driver 17 for SQL Server][SQL Server]String or binary data would be truncated. (8152) (SQLExecDirectW)')
35addab229995610ec6bb725d27c2e51
('22001', '[22001] [Microsoft][ODBC Driver 17 for SQL Server][SQL Server]String or binary data would be truncated. (8152) (SQLExecDirectW)')
332e52af931fbf09b4229d852391f915
('22001', '[22001] [Microsoft][ODBC Driver 17 for SQL Server][SQL Server]String or binary data would be truncated. (8152) (SQLExecDirectW)')
aa692e4e6841ed125cbb12e66bfcbb0e
('22001', '[22001] [Microsoft][ODBC Driver 17 for SQL Server][SQL Server]String or binary data would be truncated. (8152) (SQLExecDirectW)')
7c5726773debf106825912f3241403a9
('22001', '[22001] [Microsoft][ODBC Driver 17 for SQL Server][SQL Server]String or binary data would be truncated. (8152) (SQLExecDirectW)')
6580311df6a37523645887a84e9d3b11
('22001', '[22001] [Microsoft][ODBC Driver 17 for SQL Server][SQL Server]String or binary data would be truncated. (8152) (SQLExecDirectW)')
81475e40f5ec66eaee867ebef70ef375
('22001', '[22001] [Microsoft][ODBC Driver 17 for SQL Server][SQL Server]String or binary data would be truncated. (8152) (SQLExecDirectW)')
e54b1b190f509101e05a6e8560ee0ad7
('22001', '[22001] [Microsoft][ODBC Driver 17 for SQL Server][SQL Server]String or binary data would be truncated. (8152) (SQLExecDirectW)')
18b1d264be212e80e2f369592eed2e1a
('22001', '[22001] [Microsoft][ODBC Driver 17 for SQL Server][SQL Server]String or binary data would be truncated. (8152) (SQLExecDirectW)')
522f91a6314a753a364b07cb67af5202
('22001', '[22001] [Microsoft][ODBC Driver 17 for SQL Server][SQL Server]String or binary data would be truncated. (8152) (SQLExecDirectW)')
4e25ef3161e121ac4ac9a466d3055121
('22001', '[22001] [Microsoft][ODBC Driver 17 for SQL Server][SQL Server]String or binary data would be truncated. (8152) (SQLExecDirectW)')
bdbc15de42c94b4b577cf7461ad6973d
('22001', '[22001] [Microsoft][ODBC Driver 17 for SQL Server][SQL Server]String or binary data would be truncated. (8152) (SQLExecDirectW)')
786f17c1974d9eb3be7f1c525083a39f
('22001', '[22001] [Microsoft][ODBC Driver 17 for SQL Server][SQL Server]String or binary data would be truncated. (8152) (SQLExecDirectW)')
5a699e56cc51f4cfe6272e19445115e0
('22001', '[22001] [Microsoft][ODBC Driver 17 for SQL Server][SQL Server]String or binary data would be truncated. (8152) (SQLExecDirectW)')
f1bc0c135e58c8a0e139f5e72af88c4f
('22001', '[22001] [Microsoft][ODBC Driver 17 for SQL Server][SQL Server]String or binary data would be truncated. (8152) (SQLExecDirectW)')
fba788da0c4e1a3e631d52a541174802
('22001', '[22001] [Microsoft][ODBC Driver 17 for SQL Server][SQL Server]String or binary data would be truncated. (8152) (SQLExecDirectW)')
bd63acafe169fc0fb8de173802435c54
('22001', '[22001] [Microsoft][ODBC Driver 17 for SQL Server][SQL Server]String or binary data would be truncated. (8152) (SQLExecDirectW)')
6169c0d988a7bc45d985b6d5ad1c7f5b
('22001', '[22001] [Microsoft][ODBC Driver 17 for SQL Server][SQL Server]String or binary data would be truncated. (8152) (SQLExecDirectW)')
599b046c51d5f7a678d967cfa086d27f
('22001', '[22001] [Microsoft][ODBC Driver 17 for SQL Server][SQL Server]String or binary data would be truncated. (8152) (SQLExecDirectW)')
b621ecdde9d57b38d30edf695dbb6d03
('22001', '[22001] [Microsoft][ODBC Driver 17 for SQL Server][SQL Server]String or binary data would be truncated. (8152) (SQLExecDirectW)')
280503d84b4755db083a6637137c923f
('22001', '[22001] [Microsoft][ODBC Driver 17 for SQL Server][SQL Server]String or binary data would be truncated. (8152) (SQLExecDirectW)')
7fd1007a6b1e0c96e00136e23cd97205
('22001', '[22001] [Microsoft][ODBC Driver 17 for SQL Server][SQL Server]String or binary data would be truncated. (8152) (SQLExecDirectW)')
a4f7cd41a4330d5e303b75040c2eb10b
('22001', '[22001] [Microsoft][ODBC Driver 17 for SQL Server][SQL Server]String or binary data would be truncated. (8152) (SQLExecDirectW)')
31afa5b2455a6f5bfbf88c8badcad811
('22001', '[22001] [Microsoft][ODBC Driver 17 for SQL Server][SQL Server]String or binary data would be truncated. (8152) (SQLExecDirectW)')
c0a947022e31c774caac03dcf8087b69
('22001', '[22001] [Microsoft][ODBC Driver 17 for SQL Server][SQL Server]String or binary data would be truncated. (8152) (SQLExecDirectW)')
4d7e2c9ee83fba9dba3266fbf6d8732f
('22001', '[22001] [Microsoft][ODBC Driver 17 for SQL Server][SQL Server]String or binary data would be truncated. (8152) (SQLExecDirectW)')
c4762eded3cba227b8a831b5d8ba4338
('22001', '[22001] [Microsoft][ODBC Driver 17 for SQL Server][SQL Server]String or binary data would be truncated. (8152) (SQLExecDirectW)')
fb2a6bd1f0eace86b24da69a26e31967
('22001', '[22001] [Microsoft][ODBC Driver 17 for SQL Server][SQL Server]String or binary data would be truncated. (8152) (SQLExecDirectW)')
c4ba4c99f194b50f1ff4507906a5b69d
('22001', '[22001] [Microsoft][ODBC Driver 17 for SQL Server][SQL Server]String or binary data would be truncated. (8152) (SQLExecDirectW)')
6f5bbd9f1968363edf50152ae17031d2
('22001', '[22001] [Microsoft][ODBC Driver 17 for SQL Server][SQL Server]String or binary data would be truncated. (8152) (SQLExecDirectW)')
7c166298e90cefe65366e65cf373f6fd
('22001', '[22001] [Microsoft][ODBC Driver 17 for SQL Server][SQL Server]String or binary data would be truncated. (8152) (SQLExecDirectW)')
8f2e2ee12764b1400a86a9703a564a6d
('22001', '[22001] [Microsoft][ODBC Driver 17 for SQL Server][SQL Server]String or binary data would be truncated. (8152) (SQLExecDirectW)')
362530c6a536f181db3644eb98613065
<Response 708 bytes [200 OK]>
753987d19db2a2920b52a47147e94df9
('22001', '[22001] [Microsoft][ODBC Driver 17 for SQL Server][SQL Server]String or binary data would be truncated. (8152) (SQLExecDirectW)')
6adea3c3026aabd0798a91566c1252de
<Response 737 bytes [200 OK]>
db4bb3c15cc2314b706543cd6ab5e1ea
<Response 697 bytes [200 OK]>
da451318ef08f8d8ab9c371ad07f11ff
<Response 719 bytes [200 OK]>
c7130e7c99c5e0dd66f57b0855882eae
<Response 708 bytes [200 OK]>
ff3ec03f26ed5b01d85862c342bd43c2
('22001', '[22001] [Microsoft][ODBC Driver 17 for SQL Server][SQL Server]String or binary data would be truncated. (8152) (SQLExecDirectW)')
8acd6998f123ac28e156e9317b2e07d3
<Response 730 bytes [200 OK]>
7fe37df3cb70ed79640b940b49c38e39
<Response 715 bytes [200 OK]>
6c0998e343ae99e746cc3b9ba59b12d6
<Response 708 bytes [200 OK]>
58a4f4e475b9b1aad42e69085d879574
('22001', '[22001] [Microsoft][ODBC Driver 17 for SQL Server][SQL Server]String or binary data would be truncated. (8152) (SQLExecDirectW)')
3e3bfd247d05f5fc1dedca0c046ffc44
<Response 715 bytes [200 OK]>
f6c8fb5dd881d5b8cd24124d78ae59a3
<Response 708 bytes [200 OK]>
30f40f0f49842e74fcf9e9986b83612d
<Response 726 bytes [200 OK]>
6c01f59a98976f1accef1efebab43baf
<Response 701 bytes [200 OK]>
e60caf21c58dd9972ae53147a1061ff5
<Response 697 bytes [200 OK]>
c58f4ebe7e7ef16e9135e3ec2a2bef32
<Response 719 bytes [200 OK]>
5cf77e0c4201528e5c561b3211659b53
<Response 723 bytes [200 OK]>
a6482997ec9e9b21e49f98d82a71f85b
<Response 708 bytes [200 OK]>
042191896f7f91904b948551cf568a80
<Response 693 bytes [200 OK]>
84981c9f6094c32893aee7887ddb4f31
('22001', '[22001] [Microsoft][ODBC Driver 17 for SQL Server][SQL Server]String or binary data would be truncated. (8152) (SQLExecDirectW)')
f996d6d793621ca864f82a4ab4d3f164
('22001', '[22001] [Microsoft][ODBC Driver 17 for SQL Server][SQL Server]String or binary data would be truncated. (8152) (SQLExecDirectW)')
d59c3d5c0aa93a0de81f13fab3384582
('22001', '[22001] [Microsoft][ODBC Driver 17 for SQL Server][SQL Server]String or binary data would be truncated. (8152) (SQLExecDirectW)')
d6a34fcb441837a19d95eda8eccd22cb
('22001', '[22001] [Microsoft][ODBC Driver 17 for SQL Server][SQL Server]String or binary data would be truncated. (8152) (SQLExecDirectW)')
ea2ac0738bd325e1233c5058b8481820
'bool' object is not iterable
<Response 640 bytes [200 OK]>
24797ce0f5d8f7b104e774dd1987ccfa
<Response 693 bytes [200 OK]>
fdc8abb319b7f3c08a645989a2790a9a
<Response 723 bytes [200 OK]>
d4a6b3d3676d2966eb49cfd5084e3ff9
<Response 708 bytes [200 OK]>
32c205a23de1501c40d3d303dc1f9106
<Response 715 bytes [200 OK]>
